2022-03-17 10:55:18,990 - INFO  - Log file for this run: /home/duanhuiliu/tsinghua0316/bsq/experiments/ncf/out/ncf32_20220317-105518/ncf32_20220317-105518.log
2022-03-17 10:55:30,072 - INFO  - Dataset `ml-1m` size:
          Training Set = 4970845 (19418)
              Test Set = 604000 (6040)
2022-03-17 10:55:30,107 - INFO  - Created `ncf32` model for `ml-1m` dataset
          Use pre-trained model = /home/duanhuiliu/tsinghua1215/experiments/ncf/out/ncf32merge-baseline_20211216-063417/ncf32merge-baseline.pth
2022-03-17 10:55:30,134 - INFO  - Inserted qat quantizers into the original model
2022-03-17 10:55:44,419 - INFO  - initialized activation quantization parameters
2022-03-17 10:55:44,419 - INFO  - NeuMF(
  (embed_user_GMF): QuanEmbedding(
    6040, 32
    (quan_w_fn): WeightQuan()
    (quan_a_fn): Identity()
  )
  (embed_item_GMF): QuanEmbedding(
    3706, 32
    (quan_w_fn): WeightQuan()
    (quan_a_fn): Identity()
  )
  (embed_user_MLP): QuanEmbedding(
    6040, 128
    (quan_w_fn): IdentityQuan()
    (quan_a_fn): Identity()
  )
  (embed_item_MLP): QuanEmbedding(
    3706, 128
    (quan_w_fn): IdentityQuan()
    (quan_a_fn): Identity()
  )
  (MLP_layers): Sequential(
    (0): Dropout(p=0.0, inplace=False)
    (1): QuanLinear(
      in_features=256, out_features=128, bias=True
      (quan_w_fn): WeightQuan()
      (quan_a_fn): ActQuan()
    )
    (2): ReLU()
    (3): Dropout(p=0.0, inplace=False)
    (4): QuanLinear(
      in_features=128, out_features=64, bias=True
      (quan_w_fn): WeightQuan()
      (quan_a_fn): ActQuan()
    )
    (5): ReLU()
    (6): Dropout(p=0.0, inplace=False)
    (7): QuanLinear(
      in_features=64, out_features=32, bias=True
      (quan_w_fn): WeightQuan()
      (quan_a_fn): ActQuan()
    )
    (8): ReLU()
  )
  (predict_layer): QuanLinear(
    in_features=64, out_features=1, bias=True
    (quan_w_fn): IdentityQuan()
    (quan_a_fn): IdentityQuan()
  )
)

2022-03-17 10:55:44,421 - INFO  - Optimizer: SGD (
           Parameter Group 0
               dampening: 0
               initial_lr: 5e-05
               lr: 5e-05
               maximize: False
               momentum: 0.9
               nesterov: False
               weight_decay: 0.0
           
           Parameter Group 1
               dampening: 0
               initial_lr: 5e-05
               lr: 5e-05
               maximize: False
               momentum: 0.9
               nesterov: False
               weight_decay: 0.0
           )
2022-03-17 10:55:44,421 - INFO  - LR scheduler: <torch.optim.lr_scheduler.MultiStepLR object at 0x7fbbd508f2b0>

2022-03-17 10:55:44,421 - INFO  - >>>>>>>> Epoch -1 (pre-trained model evaluation)
2022-03-17 10:56:06,774 - INFO  - Saving checkpoint to:
             Current: /home/duanhuiliu/tsinghua0316/bsq/experiments/ncf/out/ncf32_20220317-105518/ncf32_checkpoint.pth.tar
                Best: /home/duanhuiliu/tsinghua0316/bsq/experiments/ncf/out/ncf32_20220317-105518/ncf32_best.pth.tar

2022-03-17 10:56:06,775 - INFO  - Scoreboard best 1 ==> Epoch [-1][Top1: 71.440   Top5: 43.712]
2022-03-17 10:56:06,775 - INFO  - loss:-1.0000	HR: 71.4404	NDCG: 43.7116
2022-03-17 10:56:06,775 - INFO  - >>>>>>>> Epoch   0
2022-03-17 11:03:13,073 - INFO  - Scoreboard best 1 ==> Epoch [-1][Top1: 71.440   Top5: 43.712]
2022-03-17 11:03:13,074 - INFO  - Scoreboard best 2 ==> Epoch [0][Top1: 71.109   Top5: 43.642]
2022-03-17 11:03:13,109 - INFO  - Saving checkpoint to:
             Current: /home/duanhuiliu/tsinghua0316/bsq/experiments/ncf/out/ncf32_20220317-105518/ncf32_checkpoint.pth.tar

2022-03-17 11:03:13,109 - INFO  - The time elapse of epoch 000 is: 00: 07: 06
2022-03-17 11:03:13,109 - INFO  - loss:0.2038	test_loss:6.5191	HR: 71.1093	NDCG: 43.6416	weight_lr: 0.0000500	initial_lr:0.0000500
2022-03-17 11:03:13,109 - INFO  - >>>>>>>> Epoch   1
2022-03-17 11:10:24,825 - INFO  - Scoreboard best 1 ==> Epoch [-1][Top1: 71.440   Top5: 43.712]
2022-03-17 11:10:24,825 - INFO  - Scoreboard best 2 ==> Epoch [1][Top1: 71.209   Top5: 43.602]
2022-03-17 11:10:24,825 - INFO  - Scoreboard best 3 ==> Epoch [0][Top1: 71.109   Top5: 43.642]
2022-03-17 11:10:24,858 - INFO  - Saving checkpoint to:
             Current: /home/duanhuiliu/tsinghua0316/bsq/experiments/ncf/out/ncf32_20220317-105518/ncf32_checkpoint.pth.tar

2022-03-17 11:10:24,859 - INFO  - The time elapse of epoch 001 is: 00: 07: 11
2022-03-17 11:10:24,859 - INFO  - loss:0.2039	test_loss:6.2840	HR: 71.2086	NDCG: 43.6023	weight_lr: 0.0000500	initial_lr:0.0000500
2022-03-17 11:10:24,859 - INFO  - >>>>>>>> Epoch -1 (final model evaluation)
2022-03-17 11:10:49,373 - INFO  - loss:-1.0000	HR: 71.2086	NDCG: 43.6023
2022-03-17 11:10:49,373 - INFO  - Program completed successfully ... exiting ...
